<?xml version="1.0" encoding="UTF-8"?>
<!-- Generated by org.testng.reporters.JUnitXMLReporter -->
<testsuite hostname="Lenovo-PC" name="Test" tests="11" failures="0" timestamp="8 Sep 2019 06:05:27 GMT" time="2.137" errors="0">
  <testcase name="test1" time="0.202" classname="com.lemon.api.auto.cases.Register"/>
  <testcase name="test1" time="0.033" classname="com.lemon.api.auto.cases.Register"/>
  <testcase name="test1" time="0.047" classname="com.lemon.api.auto.cases.Register"/>
  <testcase name="test1" time="0.03" classname="com.lemon.api.auto.cases.Register"/>
  <testcase name="test1" time="1.104" classname="com.lemon.api.auto.cases.Register"/>
  <testcase name="test1" time="0.12" classname="com.lemon.api.auto.cases.LoginCases"/>
  <testcase name="test1" time="0.055" classname="com.lemon.api.auto.cases.LoginCases"/>
  <testcase name="test1" time="0.14" classname="com.lemon.api.auto.cases.LoginCases"/>
  <testcase name="test1" time="0.043" classname="com.lemon.api.auto.cases.RechargeCase"/>
  <testcase name="test1" time="0.141" classname="com.lemon.api.auto.cases.RechargeCase"/>
  <testcase name="test1" time="0.137" classname="com.lemon.api.auto.cases.RechargeCase"/>
</testsuite> <!-- Test -->
